<?xml version="1.0" encoding="UTF-8"?>
<!-- Generated by org.testng.reporters.JUnitReportReporter -->
<testsuite skipped="0" hostname="ada-PC" name="Testcases.TC_logintest_excel" tests="5" failures="0" timestamp="13 Feb 2020 10:59:04 GMT" time="53.557" errors="0">
  <testcase name="loginDDT" time="8.958" classname="Testcases.TC_logintest_excel"/>
  <testcase name="loginDDT" time="5.545" classname="Testcases.TC_logintest_excel"/>
  <testcase name="loginDDT" time="27.452" classname="Testcases.TC_logintest_excel"/>
  <testcase name="loginDDT" time="5.487" classname="Testcases.TC_logintest_excel"/>
  <testcase name="loginDDT" time="6.115" classname="Testcases.TC_logintest_excel"/>
</testsuite> <!-- Testcases.TC_logintest_excel -->
