<?xml version="1.0" encoding="UTF-8"?>
<!-- Generated by org.testng.reporters.JUnitReportReporter -->
<testsuite skipped="0" hostname="ada-PC" name="Testcases.TC_Logintest" tests="1" failures="0" timestamp="13 Feb 2020 10:59:03 GMT" time="4.749" errors="0">
  <testcase name="Logintest" time="4.749" classname="Testcases.TC_Logintest"/>
</testsuite> <!-- Testcases.TC_Logintest -->
